<?xml version="1.0" encoding="UTF-8"?>
<!-- Generated by org.testng.reporters.JUnitXMLReporter -->
<testsuite hostname="DESKTOP-6PIH1M3" tests="10" failures="1" timestamp="27 Dec 2016 17:33:53 GMT" time="38.821" errors="0">
  <testcase name="@AfterMethod stopBrowser" time="0.0" classname="TestAutomation">
    <failure type="org.openqa.selenium.WebDriverException" message="Failed to decode response from marionette
Build info: version: &amp;apos;3.0.1&amp;apos;, revision: &amp;apos;1969d75&amp;apos;, time: &amp;apos;2016-10-18 09:49:13 -0700&amp;apos;
System info: host: &amp;apos;DESKTOP-6PIH1M3&amp;apos;, ip: &amp;apos;192.168.0.104&amp;apos;, os.name: &amp;apos;Windows 10&amp;apos;, os.arch: &amp;apos;amd64&amp;apos;, os.version: &amp;apos;10.0&amp;apos;, java.version: &amp;apos;1.8.0_111&amp;apos;
Driver info: org.openqa.selenium.firefox.FirefoxDriver
Capabilities [{rotatable=false, raisesAccessibilityExceptions=false, marionette=true, firefoxOptions={args=[], prefs={}}, appBuildId=20161031133903, version=, platform=XP, proxy={}, command_id=1, specificationLevel=0, acceptSslCerts=false, browserVersion=47.0.2, platformVersion=10.0, XULappId={ec8030f7-c20a-464f-9b0e-13a3a9e97384}, browserName=Firefox, takesScreenshot=true, takesElementScreenshot=true, platformName=Windows_NT, device=desktop}]
Session ID: a680d48d-2380-44ef-8ef8-2b8989615aee">
      <![CDATA[org.openqa.selenium.WebDriverException: Failed to decode response from marionette
Build info: version: '3.0.1', revision: '1969d75', time: '2016-10-18 09:49:13 -0700'
System info: host: 'DESKTOP-6PIH1M3', ip: '192.168.0.104', os.name: 'Windows 10', os.arch: 'amd64', os.version: '10.0', java.version: '1.8.0_111'
Driver info: org.openqa.selenium.firefox.FirefoxDriver
Capabilities [{rotatable=false, raisesAccessibilityExceptions=false, marionette=true, firefoxOptions={args=[], prefs={}}, appBuildId=20161031133903, version=, platform=XP, proxy={}, command_id=1, specificationLevel=0, acceptSslCerts=false, browserVersion=47.0.2, platformVersion=10.0, XULappId={ec8030f7-c20a-464f-9b0e-13a3a9e97384}, browserName=Firefox, takesScreenshot=true, takesElementScreenshot=true, platformName=Windows_NT, device=desktop}]
Session ID: a680d48d-2380-44ef-8ef8-2b8989615aee
	at org.openqa.selenium.remote.http.W3CHttpResponseCodec.createException(W3CHttpResponseCodec.java:127)
	at org.openqa.selenium.remote.http.W3CHttpResponseCodec.decode(W3CHttpResponseCodec.java:93)
	at org.openqa.selenium.remote.http.W3CHttpResponseCodec.decode(W3CHttpResponseCodec.java:42)
	at org.openqa.selenium.remote.HttpCommandExecutor.execute(HttpCommandExecutor.java:163)
	at org.openqa.selenium.remote.service.DriverCommandExecutor.execute(DriverCommandExecutor.java:82)
	at org.openqa.selenium.remote.RemoteWebDriver.execute(RemoteWebDriver.java:601)
	at org.openqa.selenium.remote.RemoteWebDriver.execute(RemoteWebDriver.java:658)
	at org.openqa.selenium.remote.RemoteWebDriver.quit(RemoteWebDriver.java:497)
	at driver.DriverWorker.closeDriver(DriverWorker.java:36)
	at steps.Steps.closeDriver(Steps.java:22)
	at TestAutomation.stopBrowser(TestAutomation.java:101)
... Removed 34 stack frames]]>
    </failure>
  </testcase> <!-- @AfterMethod stopBrowser -->
  <testcase name="@BeforeMethod setUp" time="0.0" classname="TestAutomation">
    <skipped/>
  </testcase> <!-- @BeforeMethod setUp -->
  <testcase name="@AfterMethod stopBrowser" time="0.0" classname="TestAutomation">
    <skipped/>
  </testcase> <!-- @AfterMethod stopBrowser -->
  <testcase name="@BeforeMethod setUp" time="0.0" classname="TestAutomation">
    <skipped/>
  </testcase> <!-- @BeforeMethod setUp -->
  <testcase name="@AfterMethod stopBrowser" time="0.0" classname="TestAutomation">
    <skipped/>
  </testcase> <!-- @AfterMethod stopBrowser -->
  <testcase name="@BeforeMethod setUp" time="0.0" classname="TestAutomation">
    <skipped/>
  </testcase> <!-- @BeforeMethod setUp -->
  <testcase name="@AfterMethod stopBrowser" time="0.0" classname="TestAutomation">
    <skipped/>
  </testcase> <!-- @AfterMethod stopBrowser -->
  <testcase name="@BeforeMethod setUp" time="0.0" classname="TestAutomation">
    <skipped/>
  </testcase> <!-- @BeforeMethod setUp -->
  <testcase name="@AfterMethod stopBrowser" time="0.0" classname="TestAutomation">
    <skipped/>
  </testcase> <!-- @AfterMethod stopBrowser -->
  <testcase name="@BeforeMethod setUp" time="0.0" classname="TestAutomation">
    <skipped/>
  </testcase> <!-- @BeforeMethod setUp -->
  <testcase name="@AfterMethod stopBrowser" time="0.0" classname="TestAutomation">
    <skipped/>
  </testcase> <!-- @AfterMethod stopBrowser -->
  <testcase name="@BeforeMethod setUp" time="0.0" classname="TestAutomation">
    <skipped/>
  </testcase> <!-- @BeforeMethod setUp -->
  <testcase name="@AfterMethod stopBrowser" time="0.0" classname="TestAutomation">
    <skipped/>
  </testcase> <!-- @AfterMethod stopBrowser -->
  <testcase name="@BeforeMethod setUp" time="0.0" classname="TestAutomation">
    <skipped/>
  </testcase> <!-- @BeforeMethod setUp -->
  <testcase name="@AfterMethod stopBrowser" time="0.0" classname="TestAutomation">
    <skipped/>
  </testcase> <!-- @AfterMethod stopBrowser -->
  <testcase name="@BeforeMethod setUp" time="0.0" classname="TestAutomation">
    <skipped/>
  </testcase> <!-- @BeforeMethod setUp -->
  <testcase name="@AfterMethod stopBrowser" time="0.0" classname="TestAutomation">
    <skipped/>
  </testcase> <!-- @AfterMethod stopBrowser -->
  <testcase name="@BeforeMethod setUp" time="0.0" classname="TestAutomation">
    <skipped/>
  </testcase> <!-- @BeforeMethod setUp -->
  <testcase name="@AfterMethod stopBrowser" time="0.0" classname="TestAutomation">
    <skipped/>
  </testcase> <!-- @AfterMethod stopBrowser -->
  <testcase name="oneCanAddComment" time="11.136" classname="TestAutomation">
    <failure type="org.openqa.selenium.WebDriverException" message="this.browser.getBrowserForTab is not a function
Build info: version: &amp;apos;3.0.1&amp;apos;, revision: &amp;apos;1969d75&amp;apos;, time: &amp;apos;2016-10-18 09:49:13 -0700&amp;apos;
System info: host: &amp;apos;DESKTOP-6PIH1M3&amp;apos;, ip: &amp;apos;192.168.0.104&amp;apos;, os.name: &amp;apos;Windows 10&amp;apos;, os.arch: &amp;apos;amd64&amp;apos;, os.version: &amp;apos;10.0&amp;apos;, java.version: &amp;apos;1.8.0_111&amp;apos;
Driver info: org.openqa.selenium.firefox.FirefoxDriver
Capabilities [{rotatable=false, raisesAccessibilityExceptions=false, marionette=true, firefoxOptions={args=[], prefs={}}, appBuildId=20161031133903, version=, platform=XP, proxy={}, command_id=1, specificationLevel=0, acceptSslCerts=false, browserVersion=47.0.2, platformVersion=10.0, XULappId={ec8030f7-c20a-464f-9b0e-13a3a9e97384}, browserName=Firefox, takesScreenshot=true, takesElementScreenshot=true, platformName=Windows_NT, device=desktop}]
Session ID: a680d48d-2380-44ef-8ef8-2b8989615aee">
      <![CDATA[org.openqa.selenium.WebDriverException: this.browser.getBrowserForTab is not a function
Build info: version: '3.0.1', revision: '1969d75', time: '2016-10-18 09:49:13 -0700'
System info: host: 'DESKTOP-6PIH1M3', ip: '192.168.0.104', os.name: 'Windows 10', os.arch: 'amd64', os.version: '10.0', java.version: '1.8.0_111'
Driver info: org.openqa.selenium.firefox.FirefoxDriver
Capabilities [{rotatable=false, raisesAccessibilityExceptions=false, marionette=true, firefoxOptions={args=[], prefs={}}, appBuildId=20161031133903, version=, platform=XP, proxy={}, command_id=1, specificationLevel=0, acceptSslCerts=false, browserVersion=47.0.2, platformVersion=10.0, XULappId={ec8030f7-c20a-464f-9b0e-13a3a9e97384}, browserName=Firefox, takesScreenshot=true, takesElementScreenshot=true, platformName=Windows_NT, device=desktop}]
Session ID: a680d48d-2380-44ef-8ef8-2b8989615aee
	at org.openqa.selenium.remote.http.W3CHttpResponseCodec.createException(W3CHttpResponseCodec.java:127)
	at org.openqa.selenium.remote.http.W3CHttpResponseCodec.decode(W3CHttpResponseCodec.java:93)
	at org.openqa.selenium.remote.http.W3CHttpResponseCodec.decode(W3CHttpResponseCodec.java:42)
	at org.openqa.selenium.remote.HttpCommandExecutor.execute(HttpCommandExecutor.java:163)
	at org.openqa.selenium.remote.service.DriverCommandExecutor.execute(DriverCommandExecutor.java:82)
	at org.openqa.selenium.remote.RemoteWebDriver.execute(RemoteWebDriver.java:601)
	at org.openqa.selenium.remote.RemoteWebElement.execute(RemoteWebElement.java:274)
	at org.openqa.selenium.remote.RemoteWebElement.click(RemoteWebElement.java:84)
	at org.openqa.selenium.support.pagefactory.internal.LocatingElementHandler.invoke(LocatingElementHandler.java:51)
	at com.sun.proxy.$Proxy21.click(Unknown Source)
	at pages.ShowPage.watchShow(ShowPage.java:52)
	at steps.Steps.addShow(Steps.java:53)
	at TestAutomation.oneCanAddComment(TestAutomation.java:78)
... Removed 36 stack frames]]>
    </failure>
  </testcase> <!-- oneCanAddComment -->
  <testcase name="oneCanAddFriend" time="0.0" classname="TestAutomation">
    <skipped/>
  </testcase> <!-- oneCanAddFriend -->
  <testcase name="oneCanAddShow" time="0.001" classname="TestAutomation">
    <skipped/>
  </testcase> <!-- oneCanAddShow -->
  <testcase name="oneCanAddToFaves" time="0.0" classname="TestAutomation">
    <skipped/>
  </testcase> <!-- oneCanAddToFaves -->
  <testcase name="oneCanChangeLanguage" time="0.001" classname="TestAutomation">
    <skipped/>
  </testcase> <!-- oneCanChangeLanguage -->
  <testcase name="oneCanCheckEpisode" time="0.0" classname="TestAutomation">
    <skipped/>
  </testcase> <!-- oneCanCheckEpisode -->
  <testcase name="oneCanLoginMyshows" time="0.001" classname="TestAutomation">
    <skipped/>
  </testcase> <!-- oneCanLoginMyshows -->
  <testcase name="oneCanRateComment" time="0.0" classname="TestAutomation">
    <skipped/>
  </testcase> <!-- oneCanRateComment -->
  <testcase name="oneCanRateEpisode" time="0.001" classname="TestAutomation">
    <skipped/>
  </testcase> <!-- oneCanRateEpisode -->
  <testcase name="oneCanRateShow" time="0.001" classname="TestAutomation">
    <skipped/>
  </testcase> <!-- oneCanRateShow -->
</testsuite>
