<html>
<head>
<title>TestNG:  Surefire test</title>
<link href="../testng.css" rel="stylesheet" type="text/css" />
<link href="../my-testng.css" rel="stylesheet" type="text/css" />

<style type="text/css">
.log { display: none;} 
.stack-trace { display: none;} 
</style>
<script type="text/javascript">
<!--
function flip(e) {
  current = e.style.display;
  if (current == 'block') {
    e.style.display = 'none';
    return 0;
  }
  else {
    e.style.display = 'block';
    return 1;
  }
}

function toggleBox(szDivId, elem, msg1, msg2)
{
  var res = -1;  if (document.getElementById) {
    res = flip(document.getElementById(szDivId));
  }
  else if (document.all) {
    // this is the way old msie versions work
    res = flip(document.all[szDivId]);
  }
  if(elem) {
    if(res == 0) elem.innerHTML = msg1; else elem.innerHTML = msg2;
  }

}

function toggleAllBoxes() {
  if (document.getElementsByTagName) {
    d = document.getElementsByTagName('div');
    for (i = 0; i < d.length; i++) {
      if (d[i].className == 'log') {
        flip(d[i]);
      }
    }
  }
}

// -->
</script>

</head>
<body>
<h2 align='center'>Surefire test</h2><table border='1' align="center">
<tr>
<td>Tests passed/Failed/Skipped:</td><td>0/1/9</td>
</tr><tr>
<td>Started on:</td><td>Tue Dec 27 20:33:13 MSK 2016</td>
</tr>
<tr><td>Total time:</td><td>38 seconds (38821 ms)</td>
</tr><tr>
<td>Included groups:</td><td></td>
</tr><tr>
<td>Excluded groups:</td><td></td>
</tr>
</table><p/>
<small><i>(Hover the method name to see the test class name)</i></small><p/>
<table width='100%' border='1' class='invocation-failed'>
<tr><td colspan='4' align='center'><b>FAILED CONFIGURATIONS</b></td></tr>
<tr><td><b>Test method</b></td>
<td width="30%"><b>Exception</b></td>
<td width="10%"><b>Time (seconds)</b></td>
<td><b>Instance</b></td>
</tr>
<tr>
<td title='TestAutomation.stopBrowser()'><b>stopBrowser</b><br>Test class: TestAutomation<br>Test method: Stop Browser</td>
<td><div><pre>org.openqa.selenium.WebDriverException: Failed to decode response from marionette
Build info: version: &apos;3.0.1&apos;, revision: &apos;1969d75&apos;, time: &apos;2016-10-18 09:49:13 -0700&apos;
System info: host: &apos;DESKTOP-6PIH1M3&apos;, ip: &apos;192.168.0.104&apos;, os.name: &apos;Windows 10&apos;, os.arch: &apos;amd64&apos;, os.version: &apos;10.0&apos;, java.version: &apos;1.8.0_111&apos;
Driver info: org.openqa.selenium.firefox.FirefoxDriver
Capabilities [{rotatable=false, raisesAccessibilityExceptions=false, marionette=true, firefoxOptions={args=[], prefs={}}, appBuildId=20161031133903, version=, platform=XP, proxy={}, command_id=1, specificationLevel=0, acceptSslCerts=false, browserVersion=47.0.2, platformVersion=10.0, XULappId={ec8030f7-c20a-464f-9b0e-13a3a9e97384}, browserName=Firefox, takesScreenshot=true, takesElementScreenshot=true, platformName=Windows_NT, device=desktop}]
Session ID: a680d48d-2380-44ef-8ef8-2b8989615aee
	at org.openqa.selenium.remote.http.W3CHttpResponseCodec.createException(W3CHttpResponseCodec.java:127)
	at org.openqa.selenium.remote.http.W3CHttpResponseCodec.decode(W3CHttpResponseCodec.java:93)
	at org.openqa.selenium.remote.http.W3CHttpResponseCodec.decode(W3CHttpResponseCodec.java:42)
	at org.openqa.selenium.remote.HttpCommandExecutor.execute(HttpCommandExecutor.java:163)
	at org.openqa.selenium.remote.service.DriverCommandExecutor.execute(DriverCommandExecutor.java:82)
	at org.openqa.selenium.remote.RemoteWebDriver.execute(RemoteWebDriver.java:601)
	at org.openqa.selenium.remote.RemoteWebDriver.execute(RemoteWebDriver.java:658)
	at org.openqa.selenium.remote.RemoteWebDriver.quit(RemoteWebDriver.java:497)
	at driver.DriverWorker.closeDriver(DriverWorker.java:36)
	at steps.Steps.closeDriver(Steps.java:22)
	at TestAutomation.stopBrowser(TestAutomation.java:101)
... Removed 34 stack frames</pre></div><a href='#' onClick='toggleBox("stack-trace20156341", this, "Click to show all stack frames", "Click to hide stack frames")'>Click to show all stack frames</a>
<div class='stack-trace' id='stack-trace20156341'><pre>org.openqa.selenium.WebDriverException: Failed to decode response from marionette
Build info: version: &apos;3.0.1&apos;, revision: &apos;1969d75&apos;, time: &apos;2016-10-18 09:49:13 -0700&apos;
System info: host: &apos;DESKTOP-6PIH1M3&apos;, ip: &apos;192.168.0.104&apos;, os.name: &apos;Windows 10&apos;, os.arch: &apos;amd64&apos;, os.version: &apos;10.0&apos;, java.version: &apos;1.8.0_111&apos;
Driver info: org.openqa.selenium.firefox.FirefoxDriver
Capabilities [{rotatable=false, raisesAccessibilityExceptions=false, marionette=true, firefoxOptions={args=[], prefs={}}, appBuildId=20161031133903, version=, platform=XP, proxy={}, command_id=1, specificationLevel=0, acceptSslCerts=false, browserVersion=47.0.2, platformVersion=10.0, XULappId={ec8030f7-c20a-464f-9b0e-13a3a9e97384}, browserName=Firefox, takesScreenshot=true, takesElementScreenshot=true, platformName=Windows_NT, device=desktop}]
Session ID: a680d48d-2380-44ef-8ef8-2b8989615aee
	at sun.reflect.NativeConstructorAccessorImpl.newInstance0(Native Method)
	at sun.reflect.NativeConstructorAccessorImpl.newInstance(NativeConstructorAccessorImpl.java:62)
	at sun.reflect.DelegatingConstructorAccessorImpl.newInstance(DelegatingConstructorAccessorImpl.java:45)
	at java.lang.reflect.Constructor.newInstance(Constructor.java:423)
	at org.openqa.selenium.remote.http.W3CHttpResponseCodec.createException(W3CHttpResponseCodec.java:127)
	at org.openqa.selenium.remote.http.W3CHttpResponseCodec.decode(W3CHttpResponseCodec.java:93)
	at org.openqa.selenium.remote.http.W3CHttpResponseCodec.decode(W3CHttpResponseCodec.java:42)
	at org.openqa.selenium.remote.HttpCommandExecutor.execute(HttpCommandExecutor.java:163)
	at org.openqa.selenium.remote.service.DriverCommandExecutor.execute(DriverCommandExecutor.java:82)
	at org.openqa.selenium.remote.RemoteWebDriver.execute(RemoteWebDriver.java:601)
	at org.openqa.selenium.remote.RemoteWebDriver.execute(RemoteWebDriver.java:658)
	at org.openqa.selenium.remote.RemoteWebDriver.quit(RemoteWebDriver.java:497)
	at driver.DriverWorker.closeDriver(DriverWorker.java:36)
	at steps.Steps.closeDriver(Steps.java:22)
	at TestAutomation.stopBrowser(TestAutomation.java:101)
	at sun.reflect.NativeMethodAccessorImpl.invoke0(Native Method)
	at sun.reflect.NativeMethodAccessorImpl.invoke(NativeMethodAccessorImpl.java:62)
	at sun.reflect.DelegatingMethodAccessorImpl.invoke(DelegatingMethodAccessorImpl.java:43)
	at java.lang.reflect.Method.invoke(Method.java:498)
	at org.testng.internal.MethodInvocationHelper.invokeMethod(MethodInvocationHelper.java:84)
	at org.testng.internal.Invoker.invokeConfigurationMethod(Invoker.java:564)
	at org.testng.internal.Invoker.invokeConfigurations(Invoker.java:213)
	at org.testng.internal.Invoker.invokeMethod(Invoker.java:786)
	at org.testng.internal.Invoker.invokeTestMethod(Invoker.java:901)
	at org.testng.internal.Invoker.invokeTestMethods(Invoker.java:1231)
	at org.testng.internal.TestMethodWorker.invokeTestMethods(TestMethodWorker.java:127)
	at org.testng.internal.TestMethodWorker.run(TestMethodWorker.java:111)
	at org.testng.TestRunner.privateRun(TestRunner.java:767)
	at org.testng.TestRunner.run(TestRunner.java:617)
	at org.testng.SuiteRunner.runTest(SuiteRunner.java:348)
	at org.testng.SuiteRunner.runSequentially(SuiteRunner.java:343)
	at org.testng.SuiteRunner.privateRun(SuiteRunner.java:305)
	at org.testng.SuiteRunner.run(SuiteRunner.java:254)
	at org.testng.SuiteRunnerWorker.runSuite(SuiteRunnerWorker.java:52)
	at org.testng.SuiteRunnerWorker.run(SuiteRunnerWorker.java:86)
	at org.testng.TestNG.runSuitesSequentially(TestNG.java:1224)
	at org.testng.TestNG.runSuitesLocally(TestNG.java:1149)
	at org.testng.TestNG.run(TestNG.java:1057)
	at org.apache.maven.surefire.testng.TestNGExecutor.run(TestNGExecutor.java:132)
	at org.apache.maven.surefire.testng.TestNGDirectoryTestSuite.executeSingleClass(TestNGDirectoryTestSuite.java:112)
	at org.apache.maven.surefire.testng.TestNGDirectoryTestSuite.execute(TestNGDirectoryTestSuite.java:99)
	at org.apache.maven.surefire.testng.TestNGProvider.invoke(TestNGProvider.java:147)
	at org.apache.maven.surefire.booter.ForkedBooter.invokeProviderInSameClassLoader(ForkedBooter.java:290)
	at org.apache.maven.surefire.booter.ForkedBooter.runSuitesInProcess(ForkedBooter.java:242)
	at org.apache.maven.surefire.booter.ForkedBooter.main(ForkedBooter.java:121)
</pre></div></td>
<td>0</td>
<td>TestAutomation@79b4d0f</td></tr>
</table><p>
<table width='100%' border='1' class='invocation-skipped'>
<tr><td colspan='4' align='center'><b>SKIPPED CONFIGURATIONS</b></td></tr>
<tr><td><b>Test method</b></td>
<td width="30%"><b>Exception</b></td>
<td width="10%"><b>Time (seconds)</b></td>
<td><b>Instance</b></td>
</tr>
<tr>
<td title='TestAutomation.setUp()'><b>setUp</b><br>Test class: TestAutomation<br>Test method: Init browser</td>
<td></td>
<td>0</td>
<td>TestAutomation@79b4d0f</td></tr>
<tr>
<td title='TestAutomation.setUp()'><b>setUp</b><br>Test class: TestAutomation<br>Test method: Init browser</td>
<td></td>
<td>0</td>
<td>TestAutomation@79b4d0f</td></tr>
<tr>
<td title='TestAutomation.setUp()'><b>setUp</b><br>Test class: TestAutomation<br>Test method: Init browser</td>
<td></td>
<td>0</td>
<td>TestAutomation@79b4d0f</td></tr>
<tr>
<td title='TestAutomation.setUp()'><b>setUp</b><br>Test class: TestAutomation<br>Test method: Init browser</td>
<td></td>
<td>0</td>
<td>TestAutomation@79b4d0f</td></tr>
<tr>
<td title='TestAutomation.setUp()'><b>setUp</b><br>Test class: TestAutomation<br>Test method: Init browser</td>
<td></td>
<td>0</td>
<td>TestAutomation@79b4d0f</td></tr>
<tr>
<td title='TestAutomation.setUp()'><b>setUp</b><br>Test class: TestAutomation<br>Test method: Init browser</td>
<td></td>
<td>0</td>
<td>TestAutomation@79b4d0f</td></tr>
<tr>
<td title='TestAutomation.setUp()'><b>setUp</b><br>Test class: TestAutomation<br>Test method: Init browser</td>
<td></td>
<td>0</td>
<td>TestAutomation@79b4d0f</td></tr>
<tr>
<td title='TestAutomation.setUp()'><b>setUp</b><br>Test class: TestAutomation<br>Test method: Init browser</td>
<td></td>
<td>0</td>
<td>TestAutomation@79b4d0f</td></tr>
<tr>
<td title='TestAutomation.setUp()'><b>setUp</b><br>Test class: TestAutomation<br>Test method: Init browser</td>
<td></td>
<td>0</td>
<td>TestAutomation@79b4d0f</td></tr>
<tr>
<td title='TestAutomation.stopBrowser()'><b>stopBrowser</b><br>Test class: TestAutomation<br>Test method: Stop Browser</td>
<td></td>
<td>0</td>
<td>TestAutomation@79b4d0f</td></tr>
<tr>
<td title='TestAutomation.stopBrowser()'><b>stopBrowser</b><br>Test class: TestAutomation<br>Test method: Stop Browser</td>
<td></td>
<td>0</td>
<td>TestAutomation@79b4d0f</td></tr>
<tr>
<td title='TestAutomation.stopBrowser()'><b>stopBrowser</b><br>Test class: TestAutomation<br>Test method: Stop Browser</td>
<td></td>
<td>0</td>
<td>TestAutomation@79b4d0f</td></tr>
<tr>
<td title='TestAutomation.stopBrowser()'><b>stopBrowser</b><br>Test class: TestAutomation<br>Test method: Stop Browser</td>
<td></td>
<td>0</td>
<td>TestAutomation@79b4d0f</td></tr>
<tr>
<td title='TestAutomation.stopBrowser()'><b>stopBrowser</b><br>Test class: TestAutomation<br>Test method: Stop Browser</td>
<td></td>
<td>0</td>
<td>TestAutomation@79b4d0f</td></tr>
<tr>
<td title='TestAutomation.stopBrowser()'><b>stopBrowser</b><br>Test class: TestAutomation<br>Test method: Stop Browser</td>
<td></td>
<td>0</td>
<td>TestAutomation@79b4d0f</td></tr>
<tr>
<td title='TestAutomation.stopBrowser()'><b>stopBrowser</b><br>Test class: TestAutomation<br>Test method: Stop Browser</td>
<td></td>
<td>0</td>
<td>TestAutomation@79b4d0f</td></tr>
<tr>
<td title='TestAutomation.stopBrowser()'><b>stopBrowser</b><br>Test class: TestAutomation<br>Test method: Stop Browser</td>
<td></td>
<td>0</td>
<td>TestAutomation@79b4d0f</td></tr>
<tr>
<td title='TestAutomation.stopBrowser()'><b>stopBrowser</b><br>Test class: TestAutomation<br>Test method: Stop Browser</td>
<td></td>
<td>0</td>
<td>TestAutomation@79b4d0f</td></tr>
</table><p>
<table width='100%' border='1' class='invocation-failed'>
<tr><td colspan='4' align='center'><b>FAILED TESTS</b></td></tr>
<tr><td><b>Test method</b></td>
<td width="30%"><b>Exception</b></td>
<td width="10%"><b>Time (seconds)</b></td>
<td><b>Instance</b></td>
</tr>
<tr>
<td title='TestAutomation.oneCanAddComment()'><b>oneCanAddComment</b><br>Test class: TestAutomation<br>Test method: Add a comment</td>
<td><div><pre>org.openqa.selenium.WebDriverException: this.browser.getBrowserForTab is not a function
Build info: version: &apos;3.0.1&apos;, revision: &apos;1969d75&apos;, time: &apos;2016-10-18 09:49:13 -0700&apos;
System info: host: &apos;DESKTOP-6PIH1M3&apos;, ip: &apos;192.168.0.104&apos;, os.name: &apos;Windows 10&apos;, os.arch: &apos;amd64&apos;, os.version: &apos;10.0&apos;, java.version: &apos;1.8.0_111&apos;
Driver info: org.openqa.selenium.firefox.FirefoxDriver
Capabilities [{rotatable=false, raisesAccessibilityExceptions=false, marionette=true, firefoxOptions={args=[], prefs={}}, appBuildId=20161031133903, version=, platform=XP, proxy={}, command_id=1, specificationLevel=0, acceptSslCerts=false, browserVersion=47.0.2, platformVersion=10.0, XULappId={ec8030f7-c20a-464f-9b0e-13a3a9e97384}, browserName=Firefox, takesScreenshot=true, takesElementScreenshot=true, platformName=Windows_NT, device=desktop}]
Session ID: a680d48d-2380-44ef-8ef8-2b8989615aee
	at org.openqa.selenium.remote.http.W3CHttpResponseCodec.createException(W3CHttpResponseCodec.java:127)
	at org.openqa.selenium.remote.http.W3CHttpResponseCodec.decode(W3CHttpResponseCodec.java:93)
	at org.openqa.selenium.remote.http.W3CHttpResponseCodec.decode(W3CHttpResponseCodec.java:42)
	at org.openqa.selenium.remote.HttpCommandExecutor.execute(HttpCommandExecutor.java:163)
	at org.openqa.selenium.remote.service.DriverCommandExecutor.execute(DriverCommandExecutor.java:82)
	at org.openqa.selenium.remote.RemoteWebDriver.execute(RemoteWebDriver.java:601)
	at org.openqa.selenium.remote.RemoteWebElement.execute(RemoteWebElement.java:274)
	at org.openqa.selenium.remote.RemoteWebElement.click(RemoteWebElement.java:84)
	at org.openqa.selenium.support.pagefactory.internal.LocatingElementHandler.invoke(LocatingElementHandler.java:51)
	at com.sun.proxy.$Proxy21.click(Unknown Source)
	at pages.ShowPage.watchShow(ShowPage.java:52)
	at steps.Steps.addShow(Steps.java:53)
	at TestAutomation.oneCanAddComment(TestAutomation.java:78)
... Removed 36 stack frames</pre></div><a href='#' onClick='toggleBox("stack-trace709133385", this, "Click to show all stack frames", "Click to hide stack frames")'>Click to show all stack frames</a>
<div class='stack-trace' id='stack-trace709133385'><pre>org.openqa.selenium.WebDriverException: this.browser.getBrowserForTab is not a function
Build info: version: &apos;3.0.1&apos;, revision: &apos;1969d75&apos;, time: &apos;2016-10-18 09:49:13 -0700&apos;
System info: host: &apos;DESKTOP-6PIH1M3&apos;, ip: &apos;192.168.0.104&apos;, os.name: &apos;Windows 10&apos;, os.arch: &apos;amd64&apos;, os.version: &apos;10.0&apos;, java.version: &apos;1.8.0_111&apos;
Driver info: org.openqa.selenium.firefox.FirefoxDriver
Capabilities [{rotatable=false, raisesAccessibilityExceptions=false, marionette=true, firefoxOptions={args=[], prefs={}}, appBuildId=20161031133903, version=, platform=XP, proxy={}, command_id=1, specificationLevel=0, acceptSslCerts=false, browserVersion=47.0.2, platformVersion=10.0, XULappId={ec8030f7-c20a-464f-9b0e-13a3a9e97384}, browserName=Firefox, takesScreenshot=true, takesElementScreenshot=true, platformName=Windows_NT, device=desktop}]
Session ID: a680d48d-2380-44ef-8ef8-2b8989615aee
	at sun.reflect.NativeConstructorAccessorImpl.newInstance0(Native Method)
	at sun.reflect.NativeConstructorAccessorImpl.newInstance(NativeConstructorAccessorImpl.java:62)
	at sun.reflect.DelegatingConstructorAccessorImpl.newInstance(DelegatingConstructorAccessorImpl.java:45)
	at java.lang.reflect.Constructor.newInstance(Constructor.java:423)
	at org.openqa.selenium.remote.http.W3CHttpResponseCodec.createException(W3CHttpResponseCodec.java:127)
	at org.openqa.selenium.remote.http.W3CHttpResponseCodec.decode(W3CHttpResponseCodec.java:93)
	at org.openqa.selenium.remote.http.W3CHttpResponseCodec.decode(W3CHttpResponseCodec.java:42)
	at org.openqa.selenium.remote.HttpCommandExecutor.execute(HttpCommandExecutor.java:163)
	at org.openqa.selenium.remote.service.DriverCommandExecutor.execute(DriverCommandExecutor.java:82)
	at org.openqa.selenium.remote.RemoteWebDriver.execute(RemoteWebDriver.java:601)
	at org.openqa.selenium.remote.RemoteWebElement.execute(RemoteWebElement.java:274)
	at org.openqa.selenium.remote.RemoteWebElement.click(RemoteWebElement.java:84)
	at sun.reflect.NativeMethodAccessorImpl.invoke0(Native Method)
	at sun.reflect.NativeMethodAccessorImpl.invoke(NativeMethodAccessorImpl.java:62)
	at sun.reflect.DelegatingMethodAccessorImpl.invoke(DelegatingMethodAccessorImpl.java:43)
	at java.lang.reflect.Method.invoke(Method.java:498)
	at org.openqa.selenium.support.pagefactory.internal.LocatingElementHandler.invoke(LocatingElementHandler.java:51)
	at com.sun.proxy.$Proxy21.click(Unknown Source)
	at pages.ShowPage.watchShow(ShowPage.java:52)
	at steps.Steps.addShow(Steps.java:53)
	at TestAutomation.oneCanAddComment(TestAutomation.java:78)
	at sun.reflect.NativeMethodAccessorImpl.invoke0(Native Method)
	at sun.reflect.NativeMethodAccessorImpl.invoke(NativeMethodAccessorImpl.java:62)
	at sun.reflect.DelegatingMethodAccessorImpl.invoke(DelegatingMethodAccessorImpl.java:43)
	at java.lang.reflect.Method.invoke(Method.java:498)
	at org.testng.internal.MethodInvocationHelper.invokeMethod(MethodInvocationHelper.java:84)
	at org.testng.internal.Invoker.invokeMethod(Invoker.java:714)
	at org.testng.internal.Invoker.invokeTestMethod(Invoker.java:901)
	at org.testng.internal.Invoker.invokeTestMethods(Invoker.java:1231)
	at org.testng.internal.TestMethodWorker.invokeTestMethods(TestMethodWorker.java:127)
	at org.testng.internal.TestMethodWorker.run(TestMethodWorker.java:111)
	at org.testng.TestRunner.privateRun(TestRunner.java:767)
	at org.testng.TestRunner.run(TestRunner.java:617)
	at org.testng.SuiteRunner.runTest(SuiteRunner.java:348)
	at org.testng.SuiteRunner.runSequentially(SuiteRunner.java:343)
	at org.testng.SuiteRunner.privateRun(SuiteRunner.java:305)
	at org.testng.SuiteRunner.run(SuiteRunner.java:254)
	at org.testng.SuiteRunnerWorker.runSuite(SuiteRunnerWorker.java:52)
	at org.testng.SuiteRunnerWorker.run(SuiteRunnerWorker.java:86)
	at org.testng.TestNG.runSuitesSequentially(TestNG.java:1224)
	at org.testng.TestNG.runSuitesLocally(TestNG.java:1149)
	at org.testng.TestNG.run(TestNG.java:1057)
	at org.apache.maven.surefire.testng.TestNGExecutor.run(TestNGExecutor.java:132)
	at org.apache.maven.surefire.testng.TestNGDirectoryTestSuite.executeSingleClass(TestNGDirectoryTestSuite.java:112)
	at org.apache.maven.surefire.testng.TestNGDirectoryTestSuite.execute(TestNGDirectoryTestSuite.java:99)
	at org.apache.maven.surefire.testng.TestNGProvider.invoke(TestNGProvider.java:147)
	at org.apache.maven.surefire.booter.ForkedBooter.invokeProviderInSameClassLoader(ForkedBooter.java:290)
	at org.apache.maven.surefire.booter.ForkedBooter.runSuitesInProcess(ForkedBooter.java:242)
	at org.apache.maven.surefire.booter.ForkedBooter.main(ForkedBooter.java:121)
</pre></div></td>
<td>11</td>
<td>TestAutomation@79b4d0f</td></tr>
</table><p>
<table width='100%' border='1' class='invocation-skipped'>
<tr><td colspan='4' align='center'><b>SKIPPED TESTS</b></td></tr>
<tr><td><b>Test method</b></td>
<td width="30%"><b>Exception</b></td>
<td width="10%"><b>Time (seconds)</b></td>
<td><b>Instance</b></td>
</tr>
<tr>
<td title='TestAutomation.oneCanAddFriend()'><b>oneCanAddFriend</b><br>Test class: TestAutomation<br>Test method: Add a friend</td>
<td></td>
<td>0</td>
<td>TestAutomation@79b4d0f</td></tr>
<tr>
<td title='TestAutomation.oneCanAddShow()'><b>oneCanAddShow</b><br>Test class: TestAutomation<br>Test method: Add show to profile</td>
<td></td>
<td>0</td>
<td>TestAutomation@79b4d0f</td></tr>
<tr>
<td title='TestAutomation.oneCanAddToFaves()'><b>oneCanAddToFaves</b><br>Test class: TestAutomation<br>Test method: Add show to favorites</td>
<td></td>
<td>0</td>
<td>TestAutomation@79b4d0f</td></tr>
<tr>
<td title='TestAutomation.oneCanChangeLanguage()'><b>oneCanChangeLanguage</b><br>Test class: TestAutomation<br>Test method: Change language</td>
<td></td>
<td>0</td>
<td>TestAutomation@79b4d0f</td></tr>
<tr>
<td title='TestAutomation.oneCanCheckEpisode()'><b>oneCanCheckEpisode</b><br>Test class: TestAutomation<br>Test method: Check watched episodes</td>
<td></td>
<td>0</td>
<td>TestAutomation@79b4d0f</td></tr>
<tr>
<td title='TestAutomation.oneCanLoginMyshows()'><b>oneCanLoginMyshows</b><br>Test class: TestAutomation<br>Test method: Login to Myshows</td>
<td></td>
<td>0</td>
<td>TestAutomation@79b4d0f</td></tr>
<tr>
<td title='TestAutomation.oneCanRateComment()'><b>oneCanRateComment</b><br>Test class: TestAutomation<br>Test method: Rate a comment</td>
<td></td>
<td>0</td>
<td>TestAutomation@79b4d0f</td></tr>
<tr>
<td title='TestAutomation.oneCanRateEpisode()'><b>oneCanRateEpisode</b><br>Test class: TestAutomation<br>Test method: Rate an episode</td>
<td></td>
<td>0</td>
<td>TestAutomation@79b4d0f</td></tr>
<tr>
<td title='TestAutomation.oneCanRateShow()'><b>oneCanRateShow</b><br>Test class: TestAutomation<br>Test method: Rate a show</td>
<td></td>
<td>0</td>
<td>TestAutomation@79b4d0f</td></tr>
</table><p>
</body>
</html>